app/build/outputs/mapping/release/seeds.txt
app.netlify.genuine_bonbon_5f7136.twa.DelegationService
app.netlify.genuine_bonbon_5f7136.twa.Application
app.netlify.genuine_bonbon_5f7136.twa.LauncherActivity
app.netlify.genuine_bonbon_5f7136.twa.LauncherActivity: LauncherActivity()
app.netlify.genuine_bonbon_5f7136.twa.Application: Application()
app.netlify.genuine_bonbon_5f7136.twa.DelegationService: DelegationService()
...
com.google.androidbrowserhelper.trusted.NotificationPermissionRequestActivity: NotificationPermissionRequestActivity()
com.google.androidbrowserhelper.trusted.NotificationPermissionRequestActivity
androidx.core.app.RemoteActionCompatParcelizer
android.support.v4.graphics.drawable.IconCompatParcelizer
androidx.versionedparcelable.CustomVersionedParcelable
androidx.browser.trusted.TrustedWebActivityService: TrustedWebActivityService()
androidx.lifecycle.CompositeGeneratedAdaptersObserver
android.support.v4.graphics.drawable.IconCompatParcelizer: androidx.core.graphics.drawable.IconCompat read(androidx.versionedparcelable.VersionedParcel)
androidx.versionedparcelable.ParcelImpl: android.os.Parcelable$Creator CREATOR
androidx.lifecycle.SingleGeneratedAdapterObserver
androidx.core.content.FileProvider: FileProvider()
androidx.browser.browseractions.BrowserActionsFallbackMenuView
android.support.v4.graphics.drawable.IconCompatParcelizer: void write(androidx.core.graphics.drawable.IconCompat,androidx.versionedparcelable.VersionedParcel)
androidx.core.graphics.drawable.IconCompatParcelizer: void write(androidx.core.graphics.drawable.IconCompat,androidx.versionedparcelable.VersionedParcel)
android.support.v4.app.RemoteActionCompatParcelizer
android.support.v4.app.RemoteActionCompatParcelizer: androidx.core.app.RemoteActionCompat read(androidx.versionedparcelable.VersionedParcel)
android.support.v4.app.RemoteActionCompatParcelizer: void write(androidx.core.app.RemoteActionCompat,androidx.versionedparcelable.VersionedParcel)
com.google.androidbrowserhelper.trusted.ManageDataLauncherActivity
androidx.core.app.RemoteActionCompatParcelizer: void write(androidx.core.app.RemoteActionCompat,androidx.versionedparcelable.VersionedParcel)
androidx.lifecycle.FullLifecycleObserverAdapter
androidx.browser.browseractions.BrowserActionsFallbackMenuView: BrowserActionsFallbackMenuView(android.content.Context,android.util.AttributeSet)
android.support.v4.graphics.drawable.IconCompatParcelizer: IconCompatParcelizer()
androidx.versionedparcelable.CustomVersionedParcelable: CustomVersionedParcelable()
com.google.androidbrowserhelper.trusted.DelegationService: DelegationService()
android.support.v4.app.RemoteActionCompatParcelizer: RemoteActionCompatParcelizer()
androidx.lifecycle.ReflectiveGenericLifecycleObserver
androidx.core.app.RemoteActionCompatParcelizer: RemoteActionCompatParcelizer()
androidx.core.graphics.drawable.IconCompat: IconCompat()
androidx.core.app.RemoteActionCompat
com.google.androidbrowserhelper.trusted.FocusActivity
androidx.core.graphics.drawable.IconCompatParcelizer: androidx.core.graphics.drawable.IconCompat read(androidx.versionedparcelable.VersionedParcel)
androidx.annotation.Keep
com.google.androidbrowserhelper.trusted.WebViewFallbackActivity: WebViewFallbackActivity()
androidx.core.app.CoreComponentFactory
com.google.androidbrowserhelper.trusted.LauncherActivity: LauncherActivity()
com.google.androidbrowserhelper.trusted.ManageDataLauncherActivity: ManageDataLauncherActivity()
com.google.androidbrowserhelper.trusted.FocusActivity: FocusActivity()
androidx.core.app.CoreComponentFactory: CoreComponentFactory()
androidx.versionedparcelable.ParcelImpl
androidx.core.app.RemoteActionCompat: RemoteActionCompat()
androidx.core.graphics.drawable.IconCompat
com.google.androidbrowserhelper.trusted.WebViewFallbackActivity
androidx.core.graphics.drawable.IconCompatParcelizer
androidx.core.graphics.drawable.IconCompatParcelizer: IconCompatParcelizer()
androidx.core.content.FileProvider
androidx.core.app.RemoteActionCompatParcelizer: androidx.core.app.RemoteActionCompat read(androidx.versionedparcelable.VersionedParcel)