app/build/outputs/mapping/release/mapping.txt
# compiler: R8
# compiler_version: 2.1.86
# min_api: 19
# pg_map_id: 26c86db
# common_typos_disable
app.netlify.genuine_bonbon_5f7136.twa.LauncherActivity -> app.netlify.genuine_bonbon_5f7136.twa.LauncherActivity:
    android.net.Uri getLaunchingUrl() -> f
...
com.google.androidbrowserhelper.trusted.-$$Lambda$TwaLauncher$EJYdd7bfUPSZc0LOHP-EwHGGqdI -> com.google.androidbrowserhelper.trusted.e:
    com.google.androidbrowserhelper.trusted.-$$Lambda$TwaLauncher$EJYdd7bfUPSZc0LOHP-EwHGGqdI INSTANCE -> a
    void launch(android.content.Context,androidx.browser.trusted.TrustedWebActivityIntentBuilder,java.lang.String,java.lang.Runnable) -> a
com.google.androidbrowserhelper.trusted.-$$Lambda$TwaLauncher$ncmZsRmSlMWCn1gmZDiylKqcYgw -> com.google.androidbrowserhelper.trusted.f:
    java.lang.Runnable f$3 -> d
    com.google.androidbrowserhelper.trusted.splashscreens.SplashScreenStrategy f$2 -> c
    com.google.androidbrowserhelper.trusted.TwaLauncher f$0 -> a
    androidx.browser.trusted.TrustedWebActivityIntentBuilder f$1 -> b
com.google.androidbrowserhelper.trusted.-$$Lambda$TwaLauncher$qvtPjeA3K9qnZSuDExlxWH8zs9E -> com.google.androidbrowserhelper.trusted.g:
    java.lang.Runnable f$3 -> d
    com.google.androidbrowserhelper.trusted.TwaLauncher f$0 -> a
    com.google.androidbrowserhelper.trusted.TwaLauncher$FallbackStrategy f$1 -> b
    androidx.browser.trusted.TrustedWebActivityIntentBuilder f$2 -> c
com.google.androidbrowserhelper.trusted.-$$Lambda$TwaLauncher$ulnQ4sTUFWSKNkeKlTEC5YJK6tM -> com.google.androidbrowserhelper.trusted.h:
    com.google.androidbrowserhelper.trusted.-$$Lambda$TwaLauncher$ulnQ4sTUFWSKNkeKlTEC5YJK6tM INSTANCE -> a
    void launch(android.content.Context,androidx.browser.trusted.TrustedWebActivityIntentBuilder,java.lang.String,java.lang.Runnable) -> a
com.google.androidbrowserhelper.trusted.ChromeLegacyUtils -> com.google.androidbrowserhelper.trusted.i:
    java.util.List VERSION_CHECK_CHROME_PACKAGES -> b
    java.util.List SUPPORTED_CHROME_PACKAGES -> a
    java.util.List LOCAL_BUILD_PACKAGES -> c
    boolean checkChromeVersion(android.content.pm.PackageManager,java.lang.String,int) -> a
    int getVersionCode(android.content.pm.PackageManager,java.lang.String) -> b
    boolean supportsLaunchWithoutWarmup(android.content.pm.PackageManager,java.lang.String) -> c
    boolean supportsManageSpaceWithoutWarmupAndValidation(android.content.pm.PackageManager,java.lang.String) -> d
    boolean supportsNavbarAndColorCustomization(android.content.pm.PackageManager,java.lang.String) -> e
    boolean supportsSiteSettings(android.content.pm.PackageManager,java.lang.String) -> f
    boolean supportsTrustedWebActivities(android.content.pm.PackageManager,java.lang.String) -> g
    boolean usesWhiteNavbar(java.lang.String) -> h
com.google.androidbrowserhelper.trusted.ChromeOsSupport -> com.google.androidbrowserhelper.trusted.j:
    boolean isRunningOnArc(android.content.pm.PackageManager) -> a
com.google.androidbrowserhelper.trusted.ChromeUpdatePrompt -> com.google.androidbrowserhelper.trusted.k:
    boolean chromeNeedsUpdate(android.content.pm.PackageManager,java.lang.String) -> a
    void promptIfNeeded(android.content.Context,java.lang.String) -> b
    void showToastIfResourceExists(android.content.Context,java.lang.String) -> c
com.google.androidbrowserhelper.trusted.DelegationService -> com.google.androidbrowserhelper.trusted.l:
    com.google.androidbrowserhelper.trusted.SharedPreferencesTokenStore mTokenStore -> e
    java.util.List mExtraCommandHandlers -> d
    androidx.browser.trusted.TokenStore getTokenStore() -> c
    android.os.Bundle onExtraCommand(java.lang.String,android.os.Bundle,androidx.browser.trusted.TrustedWebActivityCallbackRemote) -> f
    void registerExtraCommandHandler(com.google.androidbrowserhelper.trusted.ExtraCommandHandler) -> k
com.google.androidbrowserhelper.trusted.ExtraCommandHandler -> com.google.androidbrowserhelper.trusted.m:
    android.os.Bundle handleExtraCommand(android.content.Context,java.lang.String,android.os.Bundle,androidx.browser.trusted.TrustedWebActivityCallbackRemote) -> a