app/build/outputs/mapping/release/usage.txt
app.netlify.genuine_bonbon_5f7136.twa.R$mipmap
app.netlify.genuine_bonbon_5f7136.twa.R$raw
app.netlify.genuine_bonbon_5f7136.twa.R$style
app.netlify.genuine_bonbon_5f7136.twa.R$dimen
app.netlify.genuine_bonbon_5f7136.twa.R$drawable
app.netlify.genuine_bonbon_5f7136.twa.R$color
app.netlify.genuine_bonbon_5f7136.twa.R$attr
app.netlify.genuine_bonbon_5f7136.twa.R$bool
app.netlify.genuine_bonbon_5f7136.twa.R$string
app.netlify.genuine_bonbon_5f7136.twa.R$styleable
app.netlify.genuine_bonbon_5f7136.twa.R
app.netlify.genuine_bonbon_5f7136.twa.R$layout
app.netlify.genuine_bonbon_5f7136.twa.R$integer
app.netlify.genuine_bonbon_5f7136.twa.BuildConfig
app.netlify.genuine_bonbon_5f7136.twa.R$id
app.netlify.genuine_bonbon_5f7136.twa.R$xml
...
androidx.core.widget.ContentLoadingProgressBar$2
androidx.core.view.LayoutInflaterCompat$Factory2Wrapper
androidx.browser.trusted.sharing.ShareData:
    public static androidx.browser.trusted.sharing.ShareData fromBundle(android.os.Bundle)
    public static final java.lang.String KEY_TITLE
    public static final java.lang.String KEY_TEXT
    public static final java.lang.String KEY_URIS
androidx.annotation.TransitionRes
androidx.browser.trusted.TrustedWebActivityDisplayMode$DefaultMode:
    private static final int ID
androidx.browser.trusted.sharing.ShareTarget$EncodingType
androidx.core.app.NotificationCompat$CarExtender$UnreadConversation$Builder
androidx.core.app.ComponentActivity$ExtraData
androidx.core.view.accessibility.AccessibilityManagerCompat$AccessibilityStateChangeListener
androidx.annotation.BinderThread
androidx.core.content.res.GradientColorInflaterCompat$ColorStops
com.google.androidbrowserhelper.BuildConfig
androidx.core.app.ActivityRecreator$1
androidx.arch.core.internal.SafeIterableMap$Entry
androidx.browser.trusted.sharing.ShareTarget$FileFormField:
    static androidx.browser.trusted.sharing.ShareTarget$FileFormField fromBundle(android.os.Bundle)
    public static final java.lang.String KEY_NAME
    public static final java.lang.String KEY_ACCEPTED_TYPES
androidx.annotation.PluralsRes
androidx.core.view.ViewPropertyAnimatorCompat$2
androidx.core.content.pm.ShortcutManagerCompat$1
androidx.core.app.JobIntentService$CompatWorkItem
androidx.core.text.TextDirectionHeuristicsCompat
android.support.customtabs.ICustomTabsService$Default
androidx.annotation.Nullable
androidx.browser.trusted.TrustedWebActivityServiceConnectionPool$BindToServiceAsyncTask
androidx.browser.trusted.ScreenOrientation
androidx.core.graphics.drawable.DrawableCompat:
    public static void jumpToCurrentState(android.graphics.drawable.Drawable)
    public static void setAutoMirrored(android.graphics.drawable.Drawable,boolean)
    public static boolean isAutoMirrored(android.graphics.drawable.Drawable)
    public static void setHotspot(android.graphics.drawable.Drawable,float,float)
    public static void setHotspotBounds(android.graphics.drawable.Drawable,int,int,int,int)
    public static void setTint(android.graphics.drawable.Drawable,int)
    public static void setTintList(android.graphics.drawable.Drawable,android.content.res.ColorStateList)
    public static void setTintMode(android.graphics.drawable.Drawable,android.graphics.PorterDuff$Mode)
    public static int getAlpha(android.graphics.drawable.Drawable)
    public static void applyTheme(android.graphics.drawable.Drawable,android.content.res.Resources$Theme)
    public static boolean canApplyTheme(android.graphics.drawable.Drawable)
    public static android.graphics.ColorFilter getColorFilter(android.graphics.drawable.Drawable)
    public static void clearColorFilter(android.graphics.drawable.Drawable)
    public static void inflate(android.graphics.drawable.Drawable,android.content.res.Resources,org.xmlpull.v1.XmlPullParser,android.util.AttributeSet,android.content.res.Resources$Theme)
    public static android.graphics.drawable.Drawable unwrap(android.graphics.drawable.Drawable)
androidx.core.content.res.ResourcesCompat$FontCallback$1
androidx.core.content.res.ResourcesCompat$FontCallback
com.google.androidbrowserhelper.trusted.ExtraCommandHandler:
    public static final java.lang.String EXTRA_COMMAND_SUCCESS
com.google.androidbrowserhelper.trusted.QualityEnforcer:
    void <init>(com.google.androidbrowserhelper.trusted.QualityEnforcer$Delegate)
    private static final java.lang.String TAG
    static final java.lang.String CRASH
    static final java.lang.String KEY_CRASH_REASON
    static final java.lang.String KEY_SUCCESS
androidx.arch.core.internal.SafeIterableMap$ListIterator